# JRE version: OpenJDK Runtime Environment Temurin-21.0.8+9 (21.0.8+9) (build 21.0.8+9-LTS)
# Java VM: OpenJDK 64-Bit Server VM Temurin-21.0.8+9 (21.0.8+9-LTS, mixed mode, sharing, tiered, compressed oops, compressed class ptrs, parallel gc, windows-amd64)
GC Precious Log:
 CardTable entry size: 512
 CPUs: 20 total, 20 available
 Memory: 16004M
 Large Page Support: Disabled
 NUMA Support: Disabled
 Compressed Oops: Enabled (32-bit)
 Alignments: Space 512K, Generation 512K, Heap 2M
 Heap Min Capacity: 100M
 Heap Initial Capacity: 100M
 Heap Max Capacity: 2G
 Pre-touch: Disabled
 Parallel Workers: 15
Heap:
 PSYoungGen      total 4096K, used 496K [0x00000000d5580000, 0x00000000d5a00000, 0x0000000100000000)
  eden space 3072K, 2% used [0x00000000d5580000,0x00000000d55943e8,0x00000000d5880000)
  from space 1024K, 40% used [0x00000000d5880000,0x00000000d58e8000,0x00000000d5980000)
  to   space 512K, 0% used [0x00000000d5980000,0x00000000d5980000,0x00000000d5a00000)
 ParOldGen       total 1100288K, used 833122K [0x0000000080000000, 0x00000000c3280000, 0x00000000d5580000)
  object space 1100288K, 75% used [0x0000000080000000,0x00000000b2d98a50,0x00000000c3280000)
 Metaspace       used 83739K, committed 85568K, reserved 1179648K
  class space    used 8454K, committed 9280K, reserved 1048576K
GC Heap History (20 events):
Event: 12563.105 GC heap before
{Heap before GC invocations=3093 (full 5):
 PSYoungGen      total 2560K, used 2159K [0x00000000d5580000, 0x00000000d5a80000, 0x0000000100000000)
  eden space 1024K, 100% used [0x00000000d5580000,0x00000000d5680000,0x00000000d5680000)
  from space 1536K, 73% used [0x00000000d5680000,0x00000000d579bca0,0x00000000d5800000)
  to   space 1536K, 0% used [0x00000000d5900000,0x00000000d5900000,0x00000000d5a80000)
 ParOldGen       total 1100288K, used 827806K [0x0000000080000000, 0x00000000c3280000, 0x00000000d5580000)
  object space 1100288K, 75% used [0x0000000080000000,0x00000000b2867a70,0x00000000c3280000)
 Metaspace       used 83710K, committed 85568K, reserved 1179648K
  class space    used 8454K, committed 9280K, reserved 1048576K
}
Event: 12563.112 GC heap after
{Heap after GC invocations=3093 (full 5):
 PSYoungGen      total 2048K, used 768K [0x00000000d5580000, 0x00000000d5a00000, 0x0000000100000000)
  eden space 1024K, 0% used [0x00000000d5580000,0x00000000d5580000,0x00000000d5680000)
  from space 1024K, 75% used [0x00000000d5900000,0x00000000d59c0000,0x00000000d5a00000)
  to   space 1024K, 0% used [0x00000000d5800000,0x00000000d5800000,0x00000000d5900000)
 ParOldGen       total 1100288K, used 828649K [0x0000000080000000, 0x00000000c3280000, 0x00000000d5580000)
  object space 1100288K, 75% used [0x0000000080000000,0x00000000b293a488,0x00000000c3280000)
 Metaspace       used 83710K, committed 85568K, reserved 1179648K
  class space    used 8454K, committed 9280K, reserved 1048576K
}
Event: 12563.119 GC heap before
{Heap before GC invocations=3094 (full 5):
 PSYoungGen      total 2048K, used 1792K [0x00000000d5580000, 0x00000000d5a00000, 0x0000000100000000)
  eden space 1024K, 100% used [0x00000000d5580000,0x00000000d5680000,0x00000000d5680000)
  from space 1024K, 75% used [0x00000000d5900000,0x00000000d59c0000,0x00000000d5a00000)
  to   space 1024K, 0% used [0x00000000d5800000,0x00000000d5800000,0x00000000d5900000)
 ParOldGen       total 1100288K, used 828649K [0x0000000080000000, 0x00000000c3280000, 0x00000000d5580000)
  object space 1100288K, 75% used [0x0000000080000000,0x00000000b293a488,0x00000000c3280000)
 Metaspace       used 83710K, committed 85568K, reserved 1179648K
  class space    used 8454K, committed 9280K, reserved 1048576K
}
Event: 12563.125 GC heap after
{Heap after GC invocations=3094 (full 5):
 PSYoungGen      total 2048K, used 502K [0x00000000d5580000, 0x00000000d5980000, 0x0000000100000000)
  eden space 1536K, 0% used [0x00000000d5580000,0x00000000d5580000,0x00000000d5700000)
  from space 512K, 98% used [0x00000000d5800000,0x00000000d587db78,0x00000000d5880000)
  to   space 1024K, 0% used [0x00000000d5880000,0x00000000d5880000,0x00000000d5980000)
 ParOldGen       total 1100288K, used 829153K [0x0000000080000000, 0x00000000c3280000, 0x00000000d5580000)
  object space 1100288K, 75% used [0x0000000080000000,0x00000000b29b8488,0x00000000c3280000)
 Metaspace       used 83710K, committed 85568K, reserved 1179648K
  class space    used 8454K, committed 9280K, reserved 1048576K
}
Event: 12563.141 GC heap before
{Heap before GC invocations=3095 (full 5):
 PSYoungGen      total 2048K, used 2038K [0x00000000d5580000, 0x00000000d5980000, 0x0000000100000000)
  eden space 1536K, 100% used [0x00000000d5580000,0x00000000d5700000,0x00000000d5700000)
  from space 512K, 98% used [0x00000000d5800000,0x00000000d587db78,0x00000000d5880000)
  to   space 1024K, 0% used [0x00000000d5880000,0x00000000d5880000,0x00000000d5980000)
 ParOldGen       total 1100288K, used 829153K [0x0000000080000000, 0x00000000c3280000, 0x00000000d5580000)
  object space 1100288K, 75% used [0x0000000080000000,0x00000000b29b8488,0x00000000c3280000)
 Metaspace       used 83716K, committed 85568K, reserved 1179648K
  class space    used 8454K, committed 9280K, reserved 1048576K
}
Event: 12563.148 GC heap after
{Heap after GC invocations=3095 (full 5):
 PSYoungGen      total 3072K, used 512K [0x00000000d5580000, 0x00000000d5980000, 0x0000000100000000)
  eden space 2048K, 0% used [0x00000000d5580000,0x00000000d5580000,0x00000000d5780000)
  from space 1024K, 50% used [0x00000000d5880000,0x00000000d5900000,0x00000000d5980000)
  to   space 1024K, 0% used [0x00000000d5780000,0x00000000d5780000,0x00000000d5880000)
 ParOldGen       total 1100288K, used 829345K [0x0000000080000000, 0x00000000c3280000, 0x00000000d5580000)
  object space 1100288K, 75% used [0x0000000080000000,0x00000000b29e8488,0x00000000c3280000)
 Metaspace       used 83716K, committed 85568K, reserved 1179648K
  class space    used 8454K, committed 9280K, reserved 1048576K
}
Event: 12563.168 GC heap before
{Heap before GC invocations=3096 (full 5):
 PSYoungGen      total 3072K, used 2560K [0x00000000d5580000, 0x00000000d5980000, 0x0000000100000000)
  eden space 2048K, 100% used [0x00000000d5580000,0x00000000d5780000,0x00000000d5780000)
  from space 1024K, 50% used [0x00000000d5880000,0x00000000d5900000,0x00000000d5980000)
  to   space 1024K, 0% used [0x00000000d5780000,0x00000000d5780000,0x00000000d5880000)
 ParOldGen       total 1100288K, used 829345K [0x0000000080000000, 0x00000000c3280000, 0x00000000d5580000)
  object space 1100288K, 75% used [0x0000000080000000,0x00000000b29e8488,0x00000000c3280000)
 Metaspace       used 83717K, committed 85568K, reserved 1179648K
  class space    used 8454K, committed 9280K, reserved 1048576K
}
Event: 12563.173 GC heap after
{Heap after GC invocations=3096 (full 5):
 PSYoungGen      total 3072K, used 608K [0x00000000d5580000, 0x00000000d5a00000, 0x0000000100000000)
  eden space 2048K, 0% used [0x00000000d5580000,0x00000000d5580000,0x00000000d5780000)
  from space 1024K, 59% used [0x00000000d5780000,0x00000000d5818000,0x00000000d5880000)
  to   space 1024K, 0% used [0x00000000d5900000,0x00000000d5900000,0x00000000d5a00000)
 ParOldGen       total 1100288K, used 829657K [0x0000000080000000, 0x00000000c3280000, 0x00000000d5580000)
  object space 1100288K, 75% used [0x0000000080000000,0x00000000b2a36488,0x00000000c3280000)
 Metaspace       used 83717K, committed 85568K, reserved 1179648K
  class space    used 8454K, committed 9280K, reserved 1048576K
}
Event: 12563.179 GC heap before
{Heap before GC invocations=3097 (full 5):
 PSYoungGen      total 3072K, used 2656K [0x00000000d5580000, 0x00000000d5a00000, 0x0000000100000000)
  eden space 2048K, 100% used [0x00000000d5580000,0x00000000d5780000,0x00000000d5780000)
  from space 1024K, 59% used [0x00000000d5780000,0x00000000d5818000,0x00000000d5880000)
  to   space 1024K, 0% used [0x00000000d5900000,0x00000000d5900000,0x00000000d5a00000)
 ParOldGen       total 1100288K, used 829657K [0x0000000080000000, 0x00000000c3280000, 0x00000000d5580000)
  object space 1100288K, 75% used [0x0000000080000000,0x00000000b2a36488,0x00000000c3280000)
 Metaspace       used 83717K, committed 85568K, reserved 1179648K
  class space    used 8454K, committed 9280K, reserved 1048576K
}
Event: 12563.184 GC heap after
{Heap after GC invocations=3097 (full 5):
 PSYoungGen      total 3072K, used 1008K [0x00000000d5580000, 0x00000000d5b00000, 0x0000000100000000)
  eden space 2048K, 0% used [0x00000000d5580000,0x00000000d5580000,0x00000000d5780000)
  from space 1024K, 98% used [0x00000000d5900000,0x00000000d59fc010,0x00000000d5a00000)
  to   space 1536K, 0% used [0x00000000d5780000,0x00000000d5780000,0x00000000d5900000)
 ParOldGen       total 1100288K, used 830030K [0x0000000080000000, 0x00000000c3280000, 0x00000000d5580000)
  object space 1100288K, 75% used [0x0000000080000000,0x00000000b2a93a00,0x00000000c3280000)
 Metaspace       used 83717K, committed 85568K, reserved 1179648K
  class space    used 8454K, committed 9280K, reserved 1048576K
}
Event: 12563.189 GC heap before
{Heap before GC invocations=3098 (full 5):
 PSYoungGen      total 3072K, used 3056K [0x00000000d5580000, 0x00000000d5b00000, 0x0000000100000000)
  eden space 2048K, 100% used [0x00000000d5580000,0x00000000d5780000,0x00000000d5780000)
  from space 1024K, 98% used [0x00000000d5900000,0x00000000d59fc010,0x00000000d5a00000)
  to   space 1536K, 0% used [0x00000000d5780000,0x00000000d5780000,0x00000000d5900000)
 ParOldGen       total 1100288K, used 830030K [0x0000000080000000, 0x00000000c3280000, 0x00000000d5580000)
  object space 1100288K, 75% used [0x0000000080000000,0x00000000b2a93a00,0x00000000c3280000)
 Metaspace       used 83717K, committed 85568K, reserved 1179648K
  class space    used 8454K, committed 9280K, reserved 1048576K
}
Event: 12563.197 GC heap after
{Heap after GC invocations=3098 (full 5):
 PSYoungGen      total 3584K, used 1088K [0x00000000d5580000, 0x00000000d5b00000, 0x0000000100000000)
  eden space 2048K, 0% used [0x00000000d5580000,0x00000000d5580000,0x00000000d5780000)
  from space 1536K, 70% used [0x00000000d5780000,0x00000000d5890010,0x00000000d5900000)
  to   space 1536K, 0% used [0x00000000d5980000,0x00000000d5980000,0x00000000d5b00000)
 ParOldGen       total 1100288K, used 830878K [0x0000000080000000, 0x00000000c3280000, 0x00000000d5580000)
  object space 1100288K, 75% used [0x0000000080000000,0x00000000b2b67a00,0x00000000c3280000)
 Metaspace       used 83717K, committed 85568K, reserved 1179648K
  class space    used 8454K, committed 9280K, reserved 1048576K
}
Event: 12563.206 GC heap before
{Heap before GC invocations=3099 (full 5):
 PSYoungGen      total 3584K, used 3136K [0x00000000d5580000, 0x00000000d5b00000, 0x0000000100000000)
  eden space 2048K, 100% used [0x00000000d5580000,0x00000000d5780000,0x00000000d5780000)
  from space 1536K, 70% used [0x00000000d5780000,0x00000000d5890010,0x00000000d5900000)
  to   space 1536K, 0% used [0x00000000d5980000,0x00000000d5980000,0x00000000d5b00000)
 ParOldGen       total 1100288K, used 830878K [0x0000000080000000, 0x00000000c3280000, 0x00000000d5580000)
  object space 1100288K, 75% used [0x0000000080000000,0x00000000b2b67a00,0x00000000c3280000)
 Metaspace       used 83717K, committed 85568K, reserved 1179648K
  class space    used 8454K, committed 9280K, reserved 1048576K
}
Event: 12563.214 GC heap after
{Heap after GC invocations=3099 (full 5):
 PSYoungGen      total 3584K, used 918K [0x00000000d5580000, 0x00000000d5a80000, 0x0000000100000000)
  eden space 2560K, 0% used [0x00000000d5580000,0x00000000d5580000,0x00000000d5800000)
  from space 1024K, 89% used [0x00000000d5980000,0x00000000d5a65b78,0x00000000d5a80000)
  to   space 1024K, 0% used [0x00000000d5880000,0x00000000d5880000,0x00000000d5980000)
 ParOldGen       total 1100288K, used 831886K [0x0000000080000000, 0x00000000c3280000, 0x00000000d5580000)
  object space 1100288K, 75% used [0x0000000080000000,0x00000000b2c63a10,0x00000000c3280000)
 Metaspace       used 83717K, committed 85568K, reserved 1179648K
  class space    used 8454K, committed 9280K, reserved 1048576K
}
Event: 12860.149 GC heap before
{Heap before GC invocations=3100 (full 5):
 PSYoungGen      total 3584K, used 3478K [0x00000000d5580000, 0x00000000d5a80000, 0x0000000100000000)
  eden space 2560K, 100% used [0x00000000d5580000,0x00000000d5800000,0x00000000d5800000)
  from space 1024K, 89% used [0x00000000d5980000,0x00000000d5a65b78,0x00000000d5a80000)
  to   space 1024K, 0% used [0x00000000d5880000,0x00000000d5880000,0x00000000d5980000)
 ParOldGen       total 1100288K, used 831886K [0x0000000080000000, 0x00000000c3280000, 0x00000000d5580000)
  object space 1100288K, 75% used [0x0000000080000000,0x00000000b2c63a10,0x00000000c3280000)
 Metaspace       used 83717K, committed 85568K, reserved 1179648K
  class space    used 8454K, committed 9280K, reserved 1048576K
}
Event: 12860.157 GC heap after
{Heap after GC invocations=3100 (full 5):
 PSYoungGen      total 4096K, used 608K [0x00000000d5580000, 0x00000000d5a80000, 0x0000000100000000)
  eden space 3072K, 0% used [0x00000000d5580000,0x00000000d5580000,0x00000000d5880000)
  from space 1024K, 59% used [0x00000000d5880000,0x00000000d5918000,0x00000000d5980000)
  to   space 1024K, 0% used [0x00000000d5980000,0x00000000d5980000,0x00000000d5a80000)
 ParOldGen       total 1100288K, used 832478K [0x0000000080000000, 0x00000000c3280000, 0x00000000d5580000)
  object space 1100288K, 75% used [0x0000000080000000,0x00000000b2cf7a10,0x00000000c3280000)
 Metaspace       used 83717K, committed 85568K, reserved 1179648K
  class space    used 8454K, committed 9280K, reserved 1048576K
}
Event: 12860.459 GC heap before
{Heap before GC invocations=3101 (full 5):
 PSYoungGen      total 4096K, used 3679K [0x00000000d5580000, 0x00000000d5a80000, 0x0000000100000000)
  eden space 3072K, 99% used [0x00000000d5580000,0x00000000d587fff0,0x00000000d5880000)
  from space 1024K, 59% used [0x00000000d5880000,0x00000000d5918000,0x00000000d5980000)
  to   space 1024K, 0% used [0x00000000d5980000,0x00000000d5980000,0x00000000d5a80000)
 ParOldGen       total 1100288K, used 832478K [0x0000000080000000, 0x00000000c3280000, 0x00000000d5580000)
  object space 1100288K, 75% used [0x0000000080000000,0x00000000b2cf7a10,0x00000000c3280000)
 Metaspace       used 83719K, committed 85568K, reserved 1179648K
  class space    used 8454K, committed 9280K, reserved 1048576K
}
Event: 12860.467 GC heap after
{Heap after GC invocations=3101 (full 5):
 PSYoungGen      total 4096K, used 480K [0x00000000d5580000, 0x00000000d5b80000, 0x0000000100000000)
  eden space 3072K, 0% used [0x00000000d5580000,0x00000000d5580000,0x00000000d5880000)
  from space 1024K, 46% used [0x00000000d5980000,0x00000000d59f8020,0x00000000d5a80000)
  to   space 1024K, 0% used [0x00000000d5880000,0x00000000d5880000,0x00000000d5980000)
 ParOldGen       total 1100288K, used 832890K [0x0000000080000000, 0x00000000c3280000, 0x00000000d5580000)
  object space 1100288K, 75% used [0x0000000080000000,0x00000000b2d5ea20,0x00000000c3280000)
 Metaspace       used 83719K, committed 85568K, reserved 1179648K
  class space    used 8454K, committed 9280K, reserved 1048576K
}
Event: 15091.714 GC heap before
{Heap before GC invocations=3102 (full 5):
 PSYoungGen      total 4096K, used 3552K [0x00000000d5580000, 0x00000000d5b80000, 0x0000000100000000)
  eden space 3072K, 100% used [0x00000000d5580000,0x00000000d5880000,0x00000000d5880000)
  from space 1024K, 46% used [0x00000000d5980000,0x00000000d59f8020,0x00000000d5a80000)
  to   space 1024K, 0% used [0x00000000d5880000,0x00000000d5880000,0x00000000d5980000)
 ParOldGen       total 1100288K, used 832890K [0x0000000080000000, 0x00000000c3280000, 0x00000000d5580000)
  object space 1100288K, 75% used [0x0000000080000000,0x00000000b2d5ea20,0x00000000c3280000)
 Metaspace       used 83721K, committed 85568K, reserved 1179648K
  class space    used 8454K, committed 9280K, reserved 1048576K
}
Event: 15091.901 GC heap after
{Heap after GC invocations=3102 (full 5):
 PSYoungGen      total 4096K, used 416K [0x00000000d5580000, 0x00000000d5a00000, 0x0000000100000000)
  eden space 3072K, 0% used [0x00000000d5580000,0x00000000d5580000,0x00000000d5880000)
  from space 1024K, 40% used [0x00000000d5880000,0x00000000d58e8000,0x00000000d5980000)
  to   space 512K, 0% used [0x00000000d5980000,0x00000000d5980000,0x00000000d5a00000)
 ParOldGen       total 1100288K, used 833122K [0x0000000080000000, 0x00000000c3280000, 0x00000000d5580000)
  object space 1100288K, 75% used [0x0000000080000000,0x00000000b2d98a50,0x00000000c3280000)
 Metaspace       used 83721K, committed 85568K, reserved 1179648K
  class space    used 8454K, committed 9280K, reserved 1048576K
}

